c:\hogeschool van amsterdam\swarco\swarcostage\swarcoparam_vs13\swarcoparam_vs13\debug\newdirectory.obj
c:\hogeschool van amsterdam\swarco\swarcostage\swarcoparam_vs13\swarcoparam_vs13\debug\vc120.pdb
c:\hogeschool van amsterdam\swarco\swarcostage\swarcoparam_vs13\swarcoparam_vs13\debug\ipchange.obj
c:\hogeschool van amsterdam\swarco\swarcostage\swarcoparam_vs13\swarcoparam_vs13\debug\gui.obj
c:\hogeschool van amsterdam\swarco\swarcostage\swarcoparam_vs13\swarcoparam_vs13\debug\.netframework,version=v4.0.assemblyattributes.obj
c:\hogeschool van amsterdam\swarco\swarcostage\swarcoparam_vs13\debug\swarco pdump beta.exe
c:\hogeschool van amsterdam\swarco\swarcostage\swarcoparam_vs13\debug\swarco pdump beta.pdb
c:\hogeschool van amsterdam\swarco\swarcostage\swarcoparam_vs13\swarcoparam_vs13\debug\swarcoparam_vs13.gui.resources
c:\hogeschool van amsterdam\swarco\swarcostage\swarcoparam_vs13\swarcoparam_vs13\debug\swarcoparam_vs13.ipchange.resources
c:\hogeschool van amsterdam\swarco\swarcostage\swarcoparam_vs13\swarcoparam_vs13\debug\swarcoparam_vs13.newdirectory.resources
c:\hogeschool van amsterdam\swarco\swarcostage\swarcoparam_vs13\swarcoparam_vs13\debug\swarcoparam_vs13.vcxproj.generateresource.cache
c:\hogeschool van amsterdam\swarco\swarcostage\swarcoparam_vs13\swarcoparam_vs13\debug\swarcoparam_vs13.vcxprojresolveassemblyreference.cache
c:\hogeschool van amsterdam\swarco\swarcostage\swarcoparam_vs13\swarcoparam_vs13\debug\cl.command.1.tlog
c:\hogeschool van amsterdam\swarco\swarcostage\swarcoparam_vs13\swarcoparam_vs13\debug\cl.read.1.tlog
c:\hogeschool van amsterdam\swarco\swarcostage\swarcoparam_vs13\swarcoparam_vs13\debug\cl.write.1.tlog
c:\hogeschool van amsterdam\swarco\swarcostage\swarcoparam_vs13\swarcoparam_vs13\debug\metagen.write.1.tlog
c:\hogeschool van amsterdam\swarco\swarcostage\swarcoparam_vs13\swarcoparam_vs13\debug\swarcoparam_vs13.write.1.tlog
c:\hogeschool van amsterdam\swarco\swarcostage\swarcoparam_vs13\swarcoparam_vs13\debug\vc100.pdb
c:\hogeschool van amsterdam\swarco\swarcostage\swarcoparam_vs13\swarcoparam_vs13\debug\swarcoparam_vs13.tlog\cl.command.1.tlog
c:\hogeschool van amsterdam\swarco\swarcostage\swarcoparam_vs13\swarcoparam_vs13\debug\swarcoparam_vs13.tlog\cl.read.1.tlog
c:\hogeschool van amsterdam\swarco\swarcostage\swarcoparam_vs13\swarcoparam_vs13\debug\swarcoparam_vs13.tlog\cl.write.1.tlog
c:\hogeschool van amsterdam\swarco\swarcostage\swarcoparam_vs13\swarcoparam_vs13\debug\swarcoparam_vs13.tlog\link.command.1.tlog
c:\hogeschool van amsterdam\swarco\swarcostage\swarcoparam_vs13\swarcoparam_vs13\debug\swarcoparam_vs13.tlog\link.read.1.tlog
c:\hogeschool van amsterdam\swarco\swarcostage\swarcoparam_vs13\swarcoparam_vs13\debug\swarcoparam_vs13.tlog\link.write.1.tlog
c:\hogeschool van amsterdam\swarco\swarcostage\swarcoparam_vs13\swarcoparam_vs13\debug\swarcoparam_vs13.tlog\metagen.read.1.tlog
c:\hogeschool van amsterdam\swarco\swarcostage\swarcoparam_vs13\swarcoparam_vs13\debug\swarcoparam_vs13.tlog\metagen.write.1.tlog
c:\hogeschool van amsterdam\swarco\swarcostage\swarcoparam_vs13\swarcoparam_vs13\debug\swarcoparam_vs13.tlog\swarcoparam_vs13.write.1u.tlog
c:\hogeschool van amsterdam\swarco\swarcostage\swarcoparam_vs13\swarcoparam_vs13\debug\swarcoparam_vs13.tlog\rsaenh.dll.bi
c:\hogeschool van amsterdam\swarco\swarcostage\swarcoparam_vs13\swarcoparam_vs13\debug\swarcoparam_vs13.tlog\tzres.dll.bi
