c:\hogeschool van amsterdam\swarco\swarcostage\swarcoparam_vs13\swarcoparam_vs13\release\vc120.pdb
c:\hogeschool van amsterdam\swarco\swarcostage\swarcoparam_vs13\swarcoparam_vs13\release\gui.obj
c:\hogeschool van amsterdam\swarco\swarcostage\swarcoparam_vs13\swarcoparam_vs13\release\.netframework,version=v4.0.assemblyattributes.obj
c:\hogeschool van amsterdam\swarco\swarcostage\swarcoparam_vs13\release\swarco pdump beta.exe
c:\hogeschool van amsterdam\swarco\swarcostage\swarcoparam_vs13\release\swarco pdump beta.pdb
c:\hogeschool van amsterdam\swarco\swarcostage\swarcoparam_vs13\swarcoparam_vs13\release\swarcoparam_vs13.res
c:\hogeschool van amsterdam\swarco\swarcostage\swarcoparam_vs13\swarcoparam_vs13\release\swarcoparam_vs13.gui.resources
c:\hogeschool van amsterdam\swarco\swarcostage\swarcoparam_vs13\swarcoparam_vs13\release\swarcoparam_vs13.vcxproj.generateresource.cache
c:\hogeschool van amsterdam\swarco\swarcostage\swarcoparam_vs13\swarcoparam_vs13\release\swarcoparam_vs13.vcxprojresolveassemblyreference.cache
c:\hogeschool van amsterdam\swarco\swarcostage\swarcoparam_vs13\swarcoparam_vs13\release\swarcoparam_vs13.tlog\cl.command.1.tlog
c:\hogeschool van amsterdam\swarco\swarcostage\swarcoparam_vs13\swarcoparam_vs13\release\swarcoparam_vs13.tlog\cl.read.1.tlog
c:\hogeschool van amsterdam\swarco\swarcostage\swarcoparam_vs13\swarcoparam_vs13\release\swarcoparam_vs13.tlog\cl.write.1.tlog
c:\hogeschool van amsterdam\swarco\swarcostage\swarcoparam_vs13\swarcoparam_vs13\release\swarcoparam_vs13.tlog\link.command.1.tlog
c:\hogeschool van amsterdam\swarco\swarcostage\swarcoparam_vs13\swarcoparam_vs13\release\swarcoparam_vs13.tlog\link.read.1.tlog
c:\hogeschool van amsterdam\swarco\swarcostage\swarcoparam_vs13\swarcoparam_vs13\release\swarcoparam_vs13.tlog\link.write.1.tlog
c:\hogeschool van amsterdam\swarco\swarcostage\swarcoparam_vs13\swarcoparam_vs13\release\swarcoparam_vs13.tlog\metagen.read.1.tlog
c:\hogeschool van amsterdam\swarco\swarcostage\swarcoparam_vs13\swarcoparam_vs13\release\swarcoparam_vs13.tlog\metagen.write.1.tlog
c:\hogeschool van amsterdam\swarco\swarcostage\swarcoparam_vs13\swarcoparam_vs13\release\swarcoparam_vs13.tlog\rc.command.1.tlog
c:\hogeschool van amsterdam\swarco\swarcostage\swarcoparam_vs13\swarcoparam_vs13\release\swarcoparam_vs13.tlog\rc.read.1.tlog
c:\hogeschool van amsterdam\swarco\swarcostage\swarcoparam_vs13\swarcoparam_vs13\release\swarcoparam_vs13.tlog\rc.write.1.tlog
c:\hogeschool van amsterdam\swarco\swarcostage\swarcoparam_vs13\swarcoparam_vs13\release\swarcoparam_vs13.tlog\swarcoparam_vs13.write.1u.tlog
c:\hogeschool van amsterdam\swarco\swarcostage\swarcoparam_vs13\swarcoparam_vs13\release\swarcoparam_vs13.tlog\rsaenh.dll.bi
c:\hogeschool van amsterdam\swarco\swarcostage\swarcoparam_vs13\swarcoparam_vs13\release\swarcoparam_vs13.tlog\tzres.dll.bi
